<?xml version="1.0" encoding="UTF-8"?>
<!-- Generated by org.testng.reporters.JUnitXMLReporter -->
<testsuite hostname="DESKTOP-SM48EEK" ignored="0" name="Default test" tests="12" failures="0" timestamp="14 May 2021 11:17:57 GMT" time="222.463" errors="0">
  <testcase name="checkAlertText" time="19.194" classname="com.guru99.demo.testcases.LoginTest"/>
  <testcase name="checkAlertText" time="10.94" classname="com.guru99.demo.testcases.LoginTest"/>
  <testcase name="checkAlertText" time="17.604" classname="com.guru99.demo.testcases.LoginTest"/>
  <testcase name="checkAlertText" time="18.796" classname="com.guru99.demo.testcases.LoginTest"/>
  <testcase name="checkAlertText" time="18.08" classname="com.guru99.demo.testcases.LoginTest"/>
  <testcase name="checkAlertText" time="17.896" classname="com.guru99.demo.testcases.LoginTest"/>
  <testcase name="checkAlertText" time="18.328" classname="com.guru99.demo.testcases.LoginTest"/>
  <testcase name="checkAlertText" time="18.368" classname="com.guru99.demo.testcases.LoginTest"/>
  <testcase name="checkAlertText" time="18.139" classname="com.guru99.demo.testcases.LoginTest"/>
  <testcase name="checkAlertText" time="17.889" classname="com.guru99.demo.testcases.LoginTest"/>
  <testcase name="checkAlertText" time="17.759" classname="com.guru99.demo.testcases.LoginTest"/>
  <testcase name="checkAlertText" time="17.563" classname="com.guru99.demo.testcases.LoginTest"/>
</testsuite> <!-- Default test -->
